============================= test session starts =============================
platform win32 -- Python 3.13.3, pytest-8.4.2, pluggy-1.6.0 -- C:\Users\SIDDESH KALE\Downloads\DevFroge\DevForge_Backend\venv\Scripts\python.exe
cachedir: .pytest_cache
rootdir: C:\Users\SIDDESH KALE\Downloads\DevFroge\DevForge_Backend
configfile: pytest.ini
plugins: anyio-4.11.0, Faker-37.12.0, langsmith-0.4.39, asyncio-1.2.0
asyncio: mode=Mode.AUTO, debug=False, asyncio_default_fixture_loop_scope=None, asyncio_default_test_loop_scope=function
collecting ... collected 4 items

tests/test_cheatsheet.py::test_generate_python_beginner PASSED           [ 25%]
tests/test_cheatsheet.py::test_generate_javascript_intermediate PASSED   [ 50%]
tests/test_cheatsheet.py::test_auto_detect_language FAILED               [ 75%]
tests/test_cheatsheet.py::test_gateway_invoke_wrapper PASSED             [100%]

================================== FAILURES ===================================
__________________________ test_auto_detect_language __________________________
tests\test_cheatsheet.py:34: in test_auto_detect_language
    result = await agent.generate(code_context=code, skill_level="expert")
             ^^^^^^^^^^^^^^^^^^^^^^^^^^^^^^^^^^^^^^^^^^^^^^^^^^^^^^^^^^^^^
src\agents\cheatsheet\agent.py:33: in generate
    language = detect_language_from_code(code_context)
               ^^^^^^^^^^^^^^^^^^^^^^^^^
E   NameError: name 'detect_language_from_code' is not defined
=========================== short test summary info ===========================
FAILED tests/test_cheatsheet.py::test_auto_detect_language - NameError: name 'detect_language_from_code' is not defined
========================= 1 failed, 3 passed in 0.25s =========================
